#
# There is insufficient memory for the Java Runtime Environment to continue.
# Native memory allocation (mmap) failed to map 65536 bytes for Failed to commit metaspace.
# Possible reasons:
#   The system is out of physical RAM or swap space
#   The process is running with CompressedOops enabled, and the Java Heap may be blocking the growth of the native heap
# Possible solutions:
#   Reduce memory load on the system
#   Increase physical memory or swap space
#   Check if swap backing store is full
#   Decrease Java heap size (-Xmx/-Xms)
#   Decrease number of Java threads
#   Decrease Java thread stack sizes (-Xss)
#   Set larger code cache with -XX:ReservedCodeCacheSize=
#   JVM is running with Zero Based Compressed Oops mode in which the Java heap is
#     placed in the first 32GB address space. The Java Heap base address is the
#     maximum limit for the native heap growth. Please use -XX:HeapBaseMinAddress
#     to set the Java Heap base and to place the Java Heap above 32GB virtual address.
# This output file may be truncated or incomplete.
#
#  Out of Memory Error (virtualSpaceNode.cpp:110), pid=31696, tid=38188
#
# JRE version: OpenJDK Runtime Environment Temurin-17.0.6+10 (17.0.6+10) (build 17.0.6+10)
# Java VM: OpenJDK 64-Bit Server VM Temurin-17.0.6+10 (17.0.6+10, mixed mode, tiered, compressed oops, compressed class ptrs, g1 gc, windows-amd64)
# No core dump will be written. Minidumps are not enabled by default on client versions of Windows
#

---------------  S U M M A R Y ------------

Command Line: -Dfile.encoding=UTF-8 --module-path=D:\SBME 2026\Second term\OOP\ChessGame\CodingSpace-ChessGame\src -XX:+ShowCodeDetailsInExceptionMessages -Djdk.module.main=ChessGame ChessGame/chessGUI.Main

Host: AMD Ryzen 5 4600H with Radeon Graphics         , 12 cores, 15G,  Windows 10 , 64 bit Build 19041 (10.0.19041.2788)
Time: Sun May 14 03:13:15 2023 Egypt Daylight Time elapsed time: 1.066523 seconds (0d 0h 0m 1s)

---------------  T H R E A D  ---------------

Current thread (0x000001ecb1946220):  JavaThread "AWT-EventQueue-0" [_thread_in_vm, id=38188, stack(0x0000006560300000,0x0000006560400000)]

Stack: [0x0000006560300000,0x0000006560400000]
Native frames: (J=compiled Java code, j=interpreted, Vv=VM code, C=native code)
V  [jvm.dll+0x67741a]
V  [jvm.dll+0x834434]
V  [jvm.dll+0x835bde]
V  [jvm.dll+0x836243]
V  [jvm.dll+0x2457b5]
V  [jvm.dll+0x8304cb]
V  [jvm.dll+0x61bca6]
V  [jvm.dll+0x1c05fe]
V  [jvm.dll+0x61e5f1]
V  [jvm.dll+0x61c646]
V  [jvm.dll+0x626487]
V  [jvm.dll+0x1ea42b]
V  [jvm.dll+0x1ea965]
V  [jvm.dll+0x1eb39f]
V  [jvm.dll+0x1e0841]
V  [jvm.dll+0x53c6d0]
V  [jvm.dll+0x1f1017]
V  [jvm.dll+0x7aea1b]
V  [jvm.dll+0x7afdc2]
V  [jvm.dll+0x7b00f8]
V  [jvm.dll+0x23dbbe]
V  [jvm.dll+0x23de0f]
V  [jvm.dll+0x559d08]
V  [jvm.dll+0x55cbb7]
V  [jvm.dll+0x382ce4]
V  [jvm.dll+0x38234f]
C  0x000001ec9c8ba519

Java frames: (J=compiled Java code, j=interpreted, Vv=VM code)
j  java.util.Locale.forLanguageTag(Ljava/lang/String;)Ljava/util/Locale;+2 java.base@17.0.6
v  ~StubRoutines::call_stub
j  sun.awt.windows.WInputMethod.getNativeLocale()Ljava/util/Locale;+0 java.desktop@17.0.6
j  sun.awt.windows.WToolkit.getDefaultKeyboardLocale()Ljava/util/Locale;+0 java.desktop@17.0.6
j  sun.awt.im.ExecutableInputMethodManager.getDefaultKeyboardLocale()Ljava/util/Locale;+15 java.desktop@17.0.6
j  sun.awt.im.InputContext.<init>()V+66 java.desktop@17.0.6
j  sun.awt.im.InputMethodContext.<init>()V+1 java.desktop@17.0.6
j  java.awt.im.InputContext.getInstance()Ljava/awt/im/InputContext;+4 java.desktop@17.0.6
j  java.awt.Window.getInputContext()Ljava/awt/im/InputContext;+15 java.desktop@17.0.6
j  java.awt.Component.getInputContext()Ljava/awt/im/InputContext;+12 java.desktop@17.0.6
j  java.awt.Component.getInputContext()Ljava/awt/im/InputContext;+12 java.desktop@17.0.6
j  java.awt.Component.getInputContext()Ljava/awt/im/InputContext;+12 java.desktop@17.0.6
j  java.awt.Component.getInputContext()Ljava/awt/im/InputContext;+12 java.desktop@17.0.6
j  java.awt.Component.getInputContext()Ljava/awt/im/InputContext;+12 java.desktop@17.0.6
j  java.awt.Component.getInputContext()Ljava/awt/im/InputContext;+12 java.desktop@17.0.6
j  java.awt.Component.dispatchEventImpl(Ljava/awt/AWTEvent;)V+295 java.desktop@17.0.6
j  java.awt.Container.dispatchEventImpl(Ljava/awt/AWTEvent;)V+42 java.desktop@17.0.6
j  java.awt.Component.dispatchEvent(Ljava/awt/AWTEvent;)V+2 java.desktop@17.0.6
j  java.awt.LightweightDispatcher.retargetMouseEvent(Ljava/awt/Component;ILjava/awt/event/MouseEvent;)V+349 java.desktop@17.0.6
j  java.awt.LightweightDispatcher.retargetMouseEnterExit(Ljava/awt/Component;Ljava/awt/event/MouseEvent;Ljava/awt/Component;Z)Ljava/awt/Component;+61 java.desktop@17.0.6
j  java.awt.LightweightDispatcher.trackMouseEnterExit(Ljava/awt/Component;Ljava/awt/event/MouseEvent;)V+92 java.desktop@17.0.6
j  java.awt.LightweightDispatcher.processMouseEvent(Ljava/awt/event/MouseEvent;)Z+25 java.desktop@17.0.6
j  java.awt.LightweightDispatcher.dispatchEvent(Ljava/awt/AWTEvent;)Z+50 java.desktop@17.0.6
j  java.awt.Container.dispatchEventImpl(Ljava/awt/AWTEvent;)V+12 java.desktop@17.0.6
j  java.awt.Window.dispatchEventImpl(Ljava/awt/AWTEvent;)V+19 java.desktop@17.0.6
j  java.awt.Component.dispatchEvent(Ljava/awt/AWTEvent;)V+2 java.desktop@17.0.6
j  java.awt.EventQueue.dispatchEventImpl(Ljava/awt/AWTEvent;Ljava/lang/Object;)V+41 java.desktop@17.0.6
j  java.awt.EventQueue$4.run()Ljava/lang/Void;+32 java.desktop@17.0.6
j  java.awt.EventQueue$4.run()Ljava/lang/Object;+1 java.desktop@17.0.6
J 616 c1 java.security.AccessController.doPrivileged(Ljava/security/PrivilegedAction;Ljava/security/AccessControlContext;)Ljava/lang/Object; java.base@17.0.6 (17 bytes) @ 0x000001ec9545f35c [0x000001ec9545f180+0x00000000000001dc]
j  java.security.ProtectionDomain$JavaSecurityAccessImpl.doIntersectionPrivilege(Ljava/security/PrivilegedAction;Ljava/security/AccessControlContext;Ljava/security/AccessControlContext;)Ljava/lang/Object;+18 java.base@17.0.6
j  java.security.ProtectionDomain$JavaSecurityAccessImpl.doIntersectionPrivilege(Ljava/security/PrivilegedAction;Ljava/security/AccessControlContext;)Ljava/lang/Object;+6 java.base@17.0.6
j  java.awt.EventQueue$5.run()Ljava/lang/Void;+11 java.desktop@17.0.6
j  java.awt.EventQueue$5.run()Ljava/lang/Object;+1 java.desktop@17.0.6
J 616 c1 java.security.AccessController.doPrivileged(Ljava/security/PrivilegedAction;Ljava/security/AccessControlContext;)Ljava/lang/Object; java.base@17.0.6 (17 bytes) @ 0x000001ec9545f35c [0x000001ec9545f180+0x00000000000001dc]
j  java.security.ProtectionDomain$JavaSecurityAccessImpl.doIntersectionPrivilege(Ljava/security/PrivilegedAction;Ljava/security/AccessControlContext;Ljava/security/AccessControlContext;)Ljava/lang/Object;+18 java.base@17.0.6
j  java.awt.EventQueue.dispatchEvent(Ljava/awt/AWTEvent;)V+73 java.desktop@17.0.6
j  java.awt.EventDispatchThread.pumpOneEventForFilters(I)V+78 java.desktop@17.0.6
j  java.awt.EventDispatchThread.pumpEventsForFilter(ILjava/awt/Conditional;Ljava/awt/EventFilter;)V+35 java.desktop@17.0.6
j  java.awt.EventDispatchThread.pumpEventsForHierarchy(ILjava/awt/Conditional;Ljava/awt/Component;)V+11 java.desktop@17.0.6
j  java.awt.EventDispatchThread.pumpEvents(ILjava/awt/Conditional;)V+4 java.desktop@17.0.6
j  java.awt.EventDispatchThread.pumpEvents(Ljava/awt/Conditional;)V+3 java.desktop@17.0.6
j  java.awt.EventDispatchThread.run()V+9 java.desktop@17.0.6
v  ~StubRoutines::call_stub

---------------  P R O C E S S  ---------------

Threads class SMR info:
_java_thread_list=0x000001ecb12752f0, length=20, elements={
0x000001ecb10481f0, 0x000001ecb1048ab0, 0x000001ecb1071090, 0x000001ecb1072960,
0x000001ecb1073ab0, 0x000001ecb1074c00, 0x000001ecb1082920, 0x000001ecb1088df0,
0x000001ecb108a7a0, 0x000001ecb11878a0, 0x000001ecb12fd6a0, 0x000001ecb1644020,
0x000001ecb164b520, 0x000001ecb164bcc0, 0x000001ecb191c530, 0x000001ecb1946220,
0x000001ecb198da80, 0x000001ecb198d4a0, 0x000001ec91caa510, 0x000001ecb1256880
}

Java Threads: ( => current thread )
  0x000001ecb10481f0 JavaThread "Reference Handler" daemon [_thread_blocked, id=38384, stack(0x000000655e900000,0x000000655ea00000)]
  0x000001ecb1048ab0 JavaThread "Finalizer" daemon [_thread_blocked, id=16052, stack(0x000000655ea00000,0x000000655eb00000)]
  0x000001ecb1071090 JavaThread "Signal Dispatcher" daemon [_thread_blocked, id=20964, stack(0x000000655eb00000,0x000000655ec00000)]
  0x000001ecb1072960 JavaThread "Attach Listener" daemon [_thread_blocked, id=34680, stack(0x000000655ec00000,0x000000655ed00000)]
  0x000001ecb1073ab0 JavaThread "Service Thread" daemon [_thread_blocked, id=17612, stack(0x000000655ed00000,0x000000655ee00000)]
  0x000001ecb1074c00 JavaThread "Monitor Deflation Thread" daemon [_thread_blocked, id=7580, stack(0x000000655ee00000,0x000000655ef00000)]
  0x000001ecb1082920 JavaThread "C2 CompilerThread0" daemon [_thread_blocked, id=35920, stack(0x000000655ef00000,0x000000655f000000)]
  0x000001ecb1088df0 JavaThread "C1 CompilerThread0" daemon [_thread_blocked, id=15924, stack(0x000000655f000000,0x000000655f100000)]
  0x000001ecb108a7a0 JavaThread "Sweeper thread" daemon [_thread_blocked, id=33956, stack(0x000000655f100000,0x000000655f200000)]
  0x000001ecb11878a0 JavaThread "Common-Cleaner" daemon [_thread_blocked, id=34924, stack(0x000000655f200000,0x000000655f300000)]
  0x000001ecb12fd6a0 JavaThread "Notification Thread" daemon [_thread_blocked, id=30524, stack(0x000000655f300000,0x000000655f400000)]
  0x000001ecb1644020 JavaThread "Java2D Disposer" daemon [_thread_blocked, id=9056, stack(0x000000655f500000,0x000000655f600000)]
  0x000001ecb164b520 JavaThread "AWT-Shutdown" [_thread_blocked, id=6312, stack(0x000000655f600000,0x000000655f700000)]
  0x000001ecb164bcc0 JavaThread "AWT-Windows" daemon [_thread_in_native, id=33192, stack(0x000000655f700000,0x000000655f800000)]
  0x000001ecb191c530 JavaThread "Image Fetcher 0" daemon [_thread_blocked, id=35656, stack(0x0000006560200000,0x0000006560300000)]
=>0x000001ecb1946220 JavaThread "AWT-EventQueue-0" [_thread_in_vm, id=38188, stack(0x0000006560300000,0x0000006560400000)]
  0x000001ecb198da80 JavaThread "Image Fetcher 1" daemon [_thread_blocked, id=37304, stack(0x0000006560400000,0x0000006560500000)]
  0x000001ecb198d4a0 JavaThread "C2 CompilerThread1" daemon [_thread_blocked, id=37160, stack(0x0000006560500000,0x0000006560600000)]
  0x000001ec91caa510 JavaThread "DestroyJavaVM" [_thread_blocked, id=37468, stack(0x000000655e200000,0x000000655e300000)]
  0x000001ecb1256880 JavaThread "D3D Screen Updater" daemon [_thread_blocked, id=35052, stack(0x0000006560600000,0x0000006560700000)]

Other Threads:
  0x000001ecb0779f70 VMThread "VM Thread" [stack: 0x000000655e800000,0x000000655e900000] [id=6472]
  0x000001ec91d32bb0 WatcherThread [stack: 0x000000655f400000,0x000000655f500000] [id=37156]
  0x000001ec91d149d0 GCTaskThread "GC Thread#0" [stack: 0x000000655e300000,0x000000655e400000] [id=18176]
  0x000001ec91d256b0 ConcurrentGCThread "G1 Main Marker" [stack: 0x000000655e400000,0x000000655e500000] [id=32696]
  0x000001ec91d260c0 ConcurrentGCThread "G1 Conc#0" [stack: 0x000000655e500000,0x000000655e600000] [id=38292]
  0x000001ec91d7d600 ConcurrentGCThread "G1 Refine#0" [stack: 0x000000655e600000,0x000000655e700000] [id=34768]
  0x000001ecb061a270 ConcurrentGCThread "G1 Service" [stack: 0x000000655e700000,0x000000655e800000] [id=36972]

Threads with active compile tasks:

VM state: not at safepoint (normal execution)

VM Mutex/Monitor currently owned by a thread:  ([mutex/lock_event])
[0x000001ec91ca4040] Metaspace_lock - owner thread: 0x000001ecb1946220

Heap address: 0x000000070a000000, size: 3936 MB, Compressed Oops mode: Zero based, Oop shift amount: 3

CDS archive(s) not mapped
Compressed class space mapped at: 0x0000000800000000-0x0000000840000000, reserved size: 1073741824
Narrow klass base: 0x0000000800000000, Narrow klass shift: 0, Narrow klass range: 0x40000000

GC Precious Log:
 CPUs: 12 total, 12 available
 Memory: 15741M
 Large Page Support: Disabled
 NUMA Support: Disabled
 Compressed Oops: Enabled (Zero based)
 Heap Region Size: 2M
 Heap Min Capacity: 8M
 Heap Initial Capacity: 246M
 Heap Max Capacity: 3936M
 Pre-touch: Disabled
 Parallel Workers: 10
 Concurrent Workers: 3
 Concurrent Refinement Workers: 10
 Periodic GC: Disabled

Heap:
 garbage-first heap   total 251904K, used 20480K [0x000000070a000000, 0x0000000800000000)
  region size 2048K, 7 young (14336K), 0 survivors (0K)
 Metaspace       used 13651K, committed 13824K, reserved 1064960K
  class space    used 1383K, committed 1472K, reserved 1048576K

Heap Regions: E=young(eden), S=young(survivor), O=old, HS=humongous(starts), HC=humongous(continues), CS=collection set, F=free, OA=open archive, CA=closed archive, TAMS=top-at-mark-start (previous, next)
|   0|0x000000070a000000, 0x000000070a200000, 0x000000070a200000|100%|HS|  |TAMS 0x000000070a000000, 0x000000070a000000| Complete 
|   1|0x000000070a200000, 0x000000070a400000, 0x000000070a400000|100%|HC|  |TAMS 0x000000070a200000, 0x000000070a200000| Complete 
|   2|0x000000070a400000, 0x000000070a600000, 0x000000070a600000|100%|HC|  |TAMS 0x000000070a400000, 0x000000070a400000| Complete 
|   3|0x000000070a600000, 0x000000070a800000, 0x000000070a800000|100%|HC|  |TAMS 0x000000070a600000, 0x000000070a600000| Complete 
|   4|0x000000070a800000, 0x000000070a800000, 0x000000070aa00000|  0%| F|  |TAMS 0x000000070a800000, 0x000000070a800000| Untracked 
|   5|0x000000070aa00000, 0x000000070aa00000, 0x000000070ac00000|  0%| F|  |TAMS 0x000000070aa00000, 0x000000070aa00000| Untracked 
|   6|0x000000070ac00000, 0x000000070ac00000, 0x000000070ae00000|  0%| F|  |TAMS 0x000000070ac00000, 0x000000070ac00000| Untracked 
|   7|0x000000070ae00000, 0x000000070ae00000, 0x000000070b000000|  0%| F|  |TAMS 0x000000070ae00000, 0x000000070ae00000| Untracked 
|   8|0x000000070b000000, 0x000000070b000000, 0x000000070b200000|  0%| F|  |TAMS 0x000000070b000000, 0x000000070b000000| Untracked 
|   9|0x000000070b200000, 0x000000070b200000, 0x000000070b400000|  0%| F|  |TAMS 0x000000070b200000, 0x000000070b200000| Untracked 
|  10|0x000000070b400000, 0x000000070b400000, 0x000000070b600000|  0%| F|  |TAMS 0x000000070b400000, 0x000000070b400000| Untracked 
|  11|0x000000070b600000, 0x000000070b600000, 0x000000070b800000|  0%| F|  |TAMS 0x000000070b600000, 0x000000070b600000| Untracked 
|  12|0x000000070b800000, 0x000000070b800000, 0x000000070ba00000|  0%| F|  |TAMS 0x000000070b800000, 0x000000070b800000| Untracked 
|  13|0x000000070ba00000, 0x000000070ba00000, 0x000000070bc00000|  0%| F|  |TAMS 0x000000070ba00000, 0x000000070ba00000| Untracked 
|  14|0x000000070bc00000, 0x000000070bc00000, 0x000000070be00000|  0%| F|  |TAMS 0x000000070bc00000, 0x000000070bc00000| Untracked 
|  15|0x000000070be00000, 0x000000070be00000, 0x000000070c000000|  0%| F|  |TAMS 0x000000070be00000, 0x000000070be00000| Untracked 
|  16|0x000000070c000000, 0x000000070c000000, 0x000000070c200000|  0%| F|  |TAMS 0x000000070c000000, 0x000000070c000000| Untracked 
|  17|0x000000070c200000, 0x000000070c200000, 0x000000070c400000|  0%| F|  |TAMS 0x000000070c200000, 0x000000070c200000| Untracked 
|  18|0x000000070c400000, 0x000000070c400000, 0x000000070c600000|  0%| F|  |TAMS 0x000000070c400000, 0x000000070c400000| Untracked 
|  19|0x000000070c600000, 0x000000070c600000, 0x000000070c800000|  0%| F|  |TAMS 0x000000070c600000, 0x000000070c600000| Untracked 
|  20|0x000000070c800000, 0x000000070c800000, 0x000000070ca00000|  0%| F|  |TAMS 0x000000070c800000, 0x000000070c800000| Untracked 
|  21|0x000000070ca00000, 0x000000070ca00000, 0x000000070cc00000|  0%| F|  |TAMS 0x000000070ca00000, 0x000000070ca00000| Untracked 
|  22|0x000000070cc00000, 0x000000070cc00000, 0x000000070ce00000|  0%| F|  |TAMS 0x000000070cc00000, 0x000000070cc00000| Untracked 
|  23|0x000000070ce00000, 0x000000070ce00000, 0x000000070d000000|  0%| F|  |TAMS 0x000000070ce00000, 0x000000070ce00000| Untracked 
|  24|0x000000070d000000, 0x000000070d000000, 0x000000070d200000|  0%| F|  |TAMS 0x000000070d000000, 0x000000070d000000| Untracked 
|  25|0x000000070d200000, 0x000000070d200000, 0x000000070d400000|  0%| F|  |TAMS 0x000000070d200000, 0x000000070d200000| Untracked 
|  26|0x000000070d400000, 0x000000070d400000, 0x000000070d600000|  0%| F|  |TAMS 0x000000070d400000, 0x000000070d400000| Untracked 
|  27|0x000000070d600000, 0x000000070d600000, 0x000000070d800000|  0%| F|  |TAMS 0x000000070d600000, 0x000000070d600000| Untracked 
|  28|0x000000070d800000, 0x000000070d800000, 0x000000070da00000|  0%| F|  |TAMS 0x000000070d800000, 0x000000070d800000| Untracked 
|  29|0x000000070da00000, 0x000000070da00000, 0x000000070dc00000|  0%| F|  |TAMS 0x000000070da00000, 0x000000070da00000| Untracked 
|  30|0x000000070dc00000, 0x000000070dc00000, 0x000000070de00000|  0%| F|  |TAMS 0x000000070dc00000, 0x000000070dc00000| Untracked 
|  31|0x000000070de00000, 0x000000070de00000, 0x000000070e000000|  0%| F|  |TAMS 0x000000070de00000, 0x000000070de00000| Untracked 
|  32|0x000000070e000000, 0x000000070e000000, 0x000000070e200000|  0%| F|  |TAMS 0x000000070e000000, 0x000000070e000000| Untracked 
|  33|0x000000070e200000, 0x000000070e200000, 0x000000070e400000|  0%| F|  |TAMS 0x000000070e200000, 0x000000070e200000| Untracked 
|  34|0x000000070e400000, 0x000000070e400000, 0x000000070e600000|  0%| F|  |TAMS 0x000000070e400000, 0x000000070e400000| Untracked 
|  35|0x000000070e600000, 0x000000070e600000, 0x000000070e800000|  0%| F|  |TAMS 0x000000070e600000, 0x000000070e600000| Untracked 
|  36|0x000000070e800000, 0x000000070e800000, 0x000000070ea00000|  0%| F|  |TAMS 0x000000070e800000, 0x000000070e800000| Untracked 
|  37|0x000000070ea00000, 0x000000070ea00000, 0x000000070ec00000|  0%| F|  |TAMS 0x000000070ea00000, 0x000000070ea00000| Untracked 
|  38|0x000000070ec00000, 0x000000070ec00000, 0x000000070ee00000|  0%| F|  |TAMS 0x000000070ec00000, 0x000000070ec00000| Untracked 
|  39|0x000000070ee00000, 0x000000070ee00000, 0x000000070f000000|  0%| F|  |TAMS 0x000000070ee00000, 0x000000070ee00000| Untracked 
|  40|0x000000070f000000, 0x000000070f000000, 0x000000070f200000|  0%| F|  |TAMS 0x000000070f000000, 0x000000070f000000| Untracked 
|  41|0x000000070f200000, 0x000000070f200000, 0x000000070f400000|  0%| F|  |TAMS 0x000000070f200000, 0x000000070f200000| Untracked 
|  42|0x000000070f400000, 0x000000070f400000, 0x000000070f600000|  0%| F|  |TAMS 0x000000070f400000, 0x000000070f400000| Untracked 
|  43|0x000000070f600000, 0x000000070f600000, 0x000000070f800000|  0%| F|  |TAMS 0x000000070f600000, 0x000000070f600000| Untracked 
|  44|0x000000070f800000, 0x000000070f800000, 0x000000070fa00000|  0%| F|  |TAMS 0x000000070f800000, 0x000000070f800000| Untracked 
|  45|0x000000070fa00000, 0x000000070fa00000, 0x000000070fc00000|  0%| F|  |TAMS 0x000000070fa00000, 0x000000070fa00000| Untracked 
|  46|0x000000070fc00000, 0x000000070fc00000, 0x000000070fe00000|  0%| F|  |TAMS 0x000000070fc00000, 0x000000070fc00000| Untracked 
|  47|0x000000070fe00000, 0x000000070fe00000, 0x0000000710000000|  0%| F|  |TAMS 0x000000070fe00000, 0x000000070fe00000| Untracked 
|  48|0x0000000710000000, 0x0000000710000000, 0x0000000710200000|  0%| F|  |TAMS 0x0000000710000000, 0x0000000710000000| Untracked 
|  49|0x0000000710200000, 0x0000000710200000, 0x0000000710400000|  0%| F|  |TAMS 0x0000000710200000, 0x0000000710200000| Untracked 
|  50|0x0000000710400000, 0x0000000710400000, 0x0000000710600000|  0%| F|  |TAMS 0x0000000710400000, 0x0000000710400000| Untracked 
|  51|0x0000000710600000, 0x0000000710600000, 0x0000000710800000|  0%| F|  |TAMS 0x0000000710600000, 0x0000000710600000| Untracked 
|  52|0x0000000710800000, 0x0000000710800000, 0x0000000710a00000|  0%| F|  |TAMS 0x0000000710800000, 0x0000000710800000| Untracked 
|  53|0x0000000710a00000, 0x0000000710a00000, 0x0000000710c00000|  0%| F|  |TAMS 0x0000000710a00000, 0x0000000710a00000| Untracked 
|  54|0x0000000710c00000, 0x0000000710c00000, 0x0000000710e00000|  0%| F|  |TAMS 0x0000000710c00000, 0x0000000710c00000| Untracked 
|  55|0x0000000710e00000, 0x0000000710e00000, 0x0000000711000000|  0%| F|  |TAMS 0x0000000710e00000, 0x0000000710e00000| Untracked 
|  56|0x0000000711000000, 0x0000000711000000, 0x0000000711200000|  0%| F|  |TAMS 0x0000000711000000, 0x0000000711000000| Untracked 
|  57|0x0000000711200000, 0x0000000711200000, 0x0000000711400000|  0%| F|  |TAMS 0x0000000711200000, 0x0000000711200000| Untracked 
|  58|0x0000000711400000, 0x0000000711400000, 0x0000000711600000|  0%| F|  |TAMS 0x0000000711400000, 0x0000000711400000| Untracked 
|  59|0x0000000711600000, 0x0000000711600000, 0x0000000711800000|  0%| F|  |TAMS 0x0000000711600000, 0x0000000711600000| Untracked 
|  60|0x0000000711800000, 0x0000000711800000, 0x0000000711a00000|  0%| F|  |TAMS 0x0000000711800000, 0x0000000711800000| Untracked 
|  61|0x0000000711a00000, 0x0000000711a00000, 0x0000000711c00000|  0%| F|  |TAMS 0x0000000711a00000, 0x0000000711a00000| Untracked 
|  62|0x0000000711c00000, 0x0000000711c00000, 0x0000000711e00000|  0%| F|  |TAMS 0x0000000711c00000, 0x0000000711c00000| Untracked 
|  63|0x0000000711e00000, 0x0000000711e00000, 0x0000000712000000|  0%| F|  |TAMS 0x0000000711e00000, 0x0000000711e00000| Untracked 
|  64|0x0000000712000000, 0x0000000712000000, 0x0000000712200000|  0%| F|  |TAMS 0x0000000712000000, 0x0000000712000000| Untracked 
|  65|0x0000000712200000, 0x0000000712200000, 0x0000000712400000|  0%| F|  |TAMS 0x0000000712200000, 0x0000000712200000| Untracked 
|  66|0x0000000712400000, 0x0000000712400000, 0x0000000712600000|  0%| F|  |TAMS 0x0000000712400000, 0x0000000712400000| Untracked 
|  67|0x0000000712600000, 0x0000000712600000, 0x0000000712800000|  0%| F|  |TAMS 0x0000000712600000, 0x0000000712600000| Untracked 
|  68|0x0000000712800000, 0x0000000712800000, 0x0000000712a00000|  0%| F|  |TAMS 0x0000000712800000, 0x0000000712800000| Untracked 
|  69|0x0000000712a00000, 0x0000000712a00000, 0x0000000712c00000|  0%| F|  |TAMS 0x0000000712a00000, 0x0000000712a00000| Untracked 
|  70|0x0000000712c00000, 0x0000000712c00000, 0x0000000712e00000|  0%| F|  |TAMS 0x0000000712c00000, 0x0000000712c00000| Untracked 
|  71|0x0000000712e00000, 0x0000000712e00000, 0x0000000713000000|  0%| F|  |TAMS 0x0000000712e00000, 0x0000000712e00000| Untracked 
|  72|0x0000000713000000, 0x0000000713000000, 0x0000000713200000|  0%| F|  |TAMS 0x0000000713000000, 0x0000000713000000| Untracked 
|  73|0x0000000713200000, 0x0000000713200000, 0x0000000713400000|  0%| F|  |TAMS 0x0000000713200000, 0x0000000713200000| Untracked 
|  74|0x0000000713400000, 0x0000000713400000, 0x0000000713600000|  0%| F|  |TAMS 0x0000000713400000, 0x0000000713400000| Untracked 
|  75|0x0000000713600000, 0x0000000713600000, 0x0000000713800000|  0%| F|  |TAMS 0x0000000713600000, 0x0000000713600000| Untracked 
|  76|0x0000000713800000, 0x0000000713800000, 0x0000000713a00000|  0%| F|  |TAMS 0x0000000713800000, 0x0000000713800000| Untracked 
|  77|0x0000000713a00000, 0x0000000713a00000, 0x0000000713c00000|  0%| F|  |TAMS 0x0000000713a00000, 0x0000000713a00000| Untracked 
|  78|0x0000000713c00000, 0x0000000713c00000, 0x0000000713e00000|  0%| F|  |TAMS 0x0000000713c00000, 0x0000000713c00000| Untracked 
|  79|0x0000000713e00000, 0x0000000713e00000, 0x0000000714000000|  0%| F|  |TAMS 0x0000000713e00000, 0x0000000713e00000| Untracked 
|  80|0x0000000714000000, 0x0000000714000000, 0x0000000714200000|  0%| F|  |TAMS 0x0000000714000000, 0x0000000714000000| Untracked 
|  81|0x0000000714200000, 0x0000000714200000, 0x0000000714400000|  0%| F|  |TAMS 0x0000000714200000, 0x0000000714200000| Untracked 
|  82|0x0000000714400000, 0x0000000714400000, 0x0000000714600000|  0%| F|  |TAMS 0x0000000714400000, 0x0000000714400000| Untracked 
|  83|0x0000000714600000, 0x0000000714600000, 0x0000000714800000|  0%| F|  |TAMS 0x0000000714600000, 0x0000000714600000| Untracked 
|  84|0x0000000714800000, 0x0000000714800000, 0x0000000714a00000|  0%| F|  |TAMS 0x0000000714800000, 0x0000000714800000| Untracked 
|  85|0x0000000714a00000, 0x0000000714a00000, 0x0000000714c00000|  0%| F|  |TAMS 0x0000000714a00000, 0x0000000714a00000| Untracked 
|  86|0x0000000714c00000, 0x0000000714c00000, 0x0000000714e00000|  0%| F|  |TAMS 0x0000000714c00000, 0x0000000714c00000| Untracked 
|  87|0x0000000714e00000, 0x0000000714e00000, 0x0000000715000000|  0%| F|  |TAMS 0x0000000714e00000, 0x0000000714e00000| Untracked 
|  88|0x0000000715000000, 0x0000000715000000, 0x0000000715200000|  0%| F|  |TAMS 0x0000000715000000, 0x0000000715000000| Untracked 
|  89|0x0000000715200000, 0x0000000715200000, 0x0000000715400000|  0%| F|  |TAMS 0x0000000715200000, 0x0000000715200000| Untracked 
|  90|0x0000000715400000, 0x0000000715400000, 0x0000000715600000|  0%| F|  |TAMS 0x0000000715400000, 0x0000000715400000| Untracked 
|  91|0x0000000715600000, 0x0000000715600000, 0x0000000715800000|  0%| F|  |TAMS 0x0000000715600000, 0x0000000715600000| Untracked 
|  92|0x0000000715800000, 0x0000000715800000, 0x0000000715a00000|  0%| F|  |TAMS 0x0000000715800000, 0x0000000715800000| Untracked 
|  93|0x0000000715a00000, 0x0000000715a00000, 0x0000000715c00000|  0%| F|  |TAMS 0x0000000715a00000, 0x0000000715a00000| Untracked 
|  94|0x0000000715c00000, 0x0000000715c00000, 0x0000000715e00000|  0%| F|  |TAMS 0x0000000715c00000, 0x0000000715c00000| Untracked 
|  95|0x0000000715e00000, 0x0000000715e00000, 0x0000000716000000|  0%| F|  |TAMS 0x0000000715e00000, 0x0000000715e00000| Untracked 
|  96|0x0000000716000000, 0x0000000716000000, 0x0000000716200000|  0%| F|  |TAMS 0x0000000716000000, 0x0000000716000000| Untracked 
|  97|0x0000000716200000, 0x0000000716200000, 0x0000000716400000|  0%| F|  |TAMS 0x0000000716200000, 0x0000000716200000| Untracked 
|  98|0x0000000716400000, 0x0000000716400000, 0x0000000716600000|  0%| F|  |TAMS 0x0000000716400000, 0x0000000716400000| Untracked 
|  99|0x0000000716600000, 0x0000000716600000, 0x0000000716800000|  0%| F|  |TAMS 0x0000000716600000, 0x0000000716600000| Untracked 
| 100|0x0000000716800000, 0x0000000716800000, 0x0000000716a00000|  0%| F|  |TAMS 0x0000000716800000, 0x0000000716800000| Untracked 
| 101|0x0000000716a00000, 0x0000000716a00000, 0x0000000716c00000|  0%| F|  |TAMS 0x0000000716a00000, 0x0000000716a00000| Untracked 
| 102|0x0000000716c00000, 0x0000000716c00000, 0x0000000716e00000|  0%| F|  |TAMS 0x0000000716c00000, 0x0000000716c00000| Untracked 
| 103|0x0000000716e00000, 0x0000000716e00000, 0x0000000717000000|  0%| F|  |TAMS 0x0000000716e00000, 0x0000000716e00000| Untracked 
| 104|0x0000000717000000, 0x0000000717000000, 0x0000000717200000|  0%| F|  |TAMS 0x0000000717000000, 0x0000000717000000| Untracked 
| 105|0x0000000717200000, 0x0000000717200000, 0x0000000717400000|  0%| F|  |TAMS 0x0000000717200000, 0x0000000717200000| Untracked 
| 106|0x0000000717400000, 0x0000000717400000, 0x0000000717600000|  0%| F|  |TAMS 0x0000000717400000, 0x0000000717400000| Untracked 
| 107|0x0000000717600000, 0x0000000717600000, 0x0000000717800000|  0%| F|  |TAMS 0x0000000717600000, 0x0000000717600000| Untracked 
| 108|0x0000000717800000, 0x0000000717800000, 0x0000000717a00000|  0%| F|  |TAMS 0x0000000717800000, 0x0000000717800000| Untracked 
| 109|0x0000000717a00000, 0x0000000717a00000, 0x0000000717c00000|  0%| F|  |TAMS 0x0000000717a00000, 0x0000000717a00000| Untracked 
| 110|0x0000000717c00000, 0x0000000717c00000, 0x0000000717e00000|  0%| F|  |TAMS 0x0000000717c00000, 0x0000000717c00000| Untracked 
| 111|0x0000000717e00000, 0x0000000717e00000, 0x0000000718000000|  0%| F|  |TAMS 0x0000000717e00000, 0x0000000717e00000| Untracked 
| 112|0x0000000718000000, 0x0000000718000000, 0x0000000718200000|  0%| F|  |TAMS 0x0000000718000000, 0x0000000718000000| Untracked 
| 113|0x0000000718200000, 0x0000000718200000, 0x0000000718400000|  0%| F|  |TAMS 0x0000000718200000, 0x0000000718200000| Untracked 
| 114|0x0000000718400000, 0x0000000718400000, 0x0000000718600000|  0%| F|  |TAMS 0x0000000718400000, 0x0000000718400000| Untracked 
| 115|0x0000000718600000, 0x0000000718600000, 0x0000000718800000|  0%| F|  |TAMS 0x0000000718600000, 0x0000000718600000| Untracked 
| 116|0x0000000718800000, 0x0000000718871250, 0x0000000718a00000| 22%| E|  |TAMS 0x0000000718800000, 0x0000000718800000| Complete 
| 117|0x0000000718a00000, 0x0000000718c00000, 0x0000000718c00000|100%| E|CS|TAMS 0x0000000718a00000, 0x0000000718a00000| Complete 
| 118|0x0000000718c00000, 0x0000000718e00000, 0x0000000718e00000|100%| E|CS|TAMS 0x0000000718c00000, 0x0000000718c00000| Complete 
| 119|0x0000000718e00000, 0x0000000719000000, 0x0000000719000000|100%| E|CS|TAMS 0x0000000718e00000, 0x0000000718e00000| Complete 
| 120|0x0000000719000000, 0x0000000719200000, 0x0000000719200000|100%| E|CS|TAMS 0x0000000719000000, 0x0000000719000000| Complete 
| 121|0x0000000719200000, 0x0000000719400000, 0x0000000719400000|100%| E|CS|TAMS 0x0000000719200000, 0x0000000719200000| Complete 
| 122|0x0000000719400000, 0x0000000719600000, 0x0000000719600000|100%| E|CS|TAMS 0x0000000719400000, 0x0000000719400000| Complete 

Card table byte_map: [0x000001eca5090000,0x000001eca5840000] _byte_map_base: 0x000001eca1840000

Marking Bits (Prev, Next): (CMBitMap*) 0x000001ec91d14fe0, (CMBitMap*) 0x000001ec91d15020
 Prev Bits: [0x000001eca5ff0000, 0x000001eca9d70000)
 Next Bits: [0x000001eca9d70000, 0x000001ecadaf0000)

Polling page: 0x000001ec8fc20000

Metaspace:

Usage:
  Non-class:     11.98 MB used.
      Class:      1.35 MB used.
       Both:     13.33 MB used.

Virtual space:
  Non-class space:       16.00 MB reserved,      12.06 MB ( 75%) committed,  2 nodes.
      Class space:        1.00 GB reserved,       1.44 MB ( <1%) committed,  1 nodes.
             Both:        1.02 GB reserved,      13.50 MB (  1%) committed. 

Chunk freelists:
   Non-Class:  2.99 MB
       Class:  2.61 MB
        Both:  5.60 MB

MaxMetaspaceSize: unlimited
CompressedClassSpaceSize: 1.00 GB
Initial GC threshold: 21.00 MB
Current GC threshold: 21.00 MB
CDS: off
MetaspaceReclaimPolicy: balanced
 - commit_granule_bytes: 65536.
 - commit_granule_words: 8192.
 - virtual_space_node_default_size: 1048576.
 - enlarge_chunks_in_place: 1.
 - new_chunks_are_fully_committed: 0.
 - uncommit_free_chunks: 1.
 - use_allocation_guard: 0.
 - handle_deallocations: 1.


Internal statistics:

num_allocs_failed_limit: 0.
num_arena_births: 118.
num_arena_deaths: 0.
num_vsnodes_births: 3.
num_vsnodes_deaths: 0.
num_space_committed: 216.
num_space_uncommitted: 0.
num_chunks_returned_to_freelist: 0.
num_chunks_taken_from_freelist: 195.
num_chunk_merges: 0.
num_chunk_splits: 97.
num_chunks_enlarged: 27.
num_purges: 0.
num_inconsistent_stats: 0.

CodeHeap 'non-profiled nmethods': size=120000Kb used=344Kb max_used=344Kb free=119655Kb
 bounds [0x000001ec9ce40000, 0x000001ec9d0b0000, 0x000001eca4370000]
CodeHeap 'profiled nmethods': size=120000Kb used=1528Kb max_used=1528Kb free=118471Kb
 bounds [0x000001ec95370000, 0x000001ec955e0000, 0x000001ec9c8a0000]
CodeHeap 'non-nmethods': size=5760Kb used=1259Kb max_used=1278Kb free=4500Kb
 bounds [0x000001ec9c8a0000, 0x000001ec9cb10000, 0x000001ec9ce40000]
 total_blobs=1546 nmethods=966 adapters=493
 compilation: enabled
              stopped_count=0, restarted_count=0
 full_count=0

Compilation events (20 events):
Event: 1.052 Thread 0x000001ecb1088df0  957       3       java.util.LinkedList$ListItr::checkForComodification (23 bytes)
Event: 1.052 Thread 0x000001ecb1088df0 nmethod 957 0x000001ec954eb890 code [0x000001ec954eba40, 0x000001ec954ebc08]
Event: 1.052 Thread 0x000001ecb1088df0  958       3       java.util.LinkedList$ListItr::previous (70 bytes)
Event: 1.053 Thread 0x000001ecb1088df0 nmethod 958 0x000001ec954ebd10 code [0x000001ec954ebf00, 0x000001ec954ec3d8]
Event: 1.053 Thread 0x000001ecb1088df0  956       3       javax.swing.JComponent::getY (5 bytes)
Event: 1.053 Thread 0x000001ecb1088df0 nmethod 956 0x000001ec954ec590 code [0x000001ec954ec720, 0x000001ec954ec838]
Event: 1.053 Thread 0x000001ecb1088df0  960       1       java.util.LinkedList::size (5 bytes)
Event: 1.054 Thread 0x000001ecb1088df0 nmethod 960 0x000001ec9ce95810 code [0x000001ec9ce959a0, 0x000001ec9ce95a78]
Event: 1.054 Thread 0x000001ecb1088df0  961       3       java.util.ArrayList$Itr::checkForComodification (23 bytes)
Event: 1.054 Thread 0x000001ecb1088df0 nmethod 961 0x000001ec954ec910 code [0x000001ec954ecac0, 0x000001ec954ecc88]
Event: 1.054 Thread 0x000001ecb1088df0  962       3       java.util.ArrayList$Itr::next (66 bytes)
Event: 1.054 Thread 0x000001ecb1088df0 nmethod 962 0x000001ec954ecd90 code [0x000001ec954ecf80, 0x000001ec954ed348]
Event: 1.054 Thread 0x000001ecb1088df0  963       1       java.awt.Container::isFocusTraversalPolicyProvider (5 bytes)
Event: 1.054 Thread 0x000001ecb1088df0 nmethod 963 0x000001ec9ce95b10 code [0x000001ec9ce95ca0, 0x000001ec9ce95d78]
Event: 1.054 Thread 0x000001ecb1088df0  964       1       java.awt.Container::isFocusCycleRoot (5 bytes)
Event: 1.054 Thread 0x000001ecb1088df0 nmethod 964 0x000001ec9ce95e10 code [0x000001ec9ce95fa0, 0x000001ec9ce96078]
Event: 1.058 Thread 0x000001ecb1088df0  965       3       java.awt.Component::inside (30 bytes)
Event: 1.059 Thread 0x000001ecb1088df0 nmethod 965 0x000001ec954ed510 code [0x000001ec954ed6a0, 0x000001ec954ed8b8]
Event: 1.059 Thread 0x000001ecb1088df0  966       3       javax.swing.JComponent::contains (27 bytes)
Event: 1.059 Thread 0x000001ecb1088df0 nmethod 966 0x000001ec954ed990 code [0x000001ec954edb60, 0x000001ec954ee1f8]

GC Heap History (0 events):
No events

Dll operation events (8 events):
Event: 0.008 Loaded shared library C:\Users\LENOVO\.p2\pool\plugins\org.eclipse.justj.openjdk.hotspot.jre.full.win32.x86_64_17.0.6.v20230204-1729\jre\bin\java.dll
Event: 0.185 Loaded shared library C:\Users\LENOVO\.p2\pool\plugins\org.eclipse.justj.openjdk.hotspot.jre.full.win32.x86_64_17.0.6.v20230204-1729\jre\bin\net.dll
Event: 0.188 Loaded shared library C:\Users\LENOVO\.p2\pool\plugins\org.eclipse.justj.openjdk.hotspot.jre.full.win32.x86_64_17.0.6.v20230204-1729\jre\bin\nio.dll
Event: 0.288 Loaded shared library C:\Users\LENOVO\.p2\pool\plugins\org.eclipse.justj.openjdk.hotspot.jre.full.win32.x86_64_17.0.6.v20230204-1729\jre\bin\jimage.dll
Event: 0.313 Loaded shared library C:\Users\LENOVO\.p2\pool\plugins\org.eclipse.justj.openjdk.hotspot.jre.full.win32.x86_64_17.0.6.v20230204-1729\jre\bin\awt.dll
Event: 0.660 Loaded shared library C:\Users\LENOVO\.p2\pool\plugins\org.eclipse.justj.openjdk.hotspot.jre.full.win32.x86_64_17.0.6.v20230204-1729\jre\bin\zip.dll
Event: 0.869 Loaded shared library C:\Users\LENOVO\.p2\pool\plugins\org.eclipse.justj.openjdk.hotspot.jre.full.win32.x86_64_17.0.6.v20230204-1729\jre\bin\freetype.dll
Event: 0.871 Loaded shared library C:\Users\LENOVO\.p2\pool\plugins\org.eclipse.justj.openjdk.hotspot.jre.full.win32.x86_64_17.0.6.v20230204-1729\jre\bin\fontmanager.dll

Deoptimization events (20 events):
Event: 0.893 Thread 0x000001ec91caa510 Uncommon trap: trap_request=0xffffffc6 fr.pc=0x000001ec9ce645f0 relative=0x00000000000009d0
Event: 0.893 Thread 0x000001ec91caa510 Uncommon trap: reason=bimorphic_or_optimized_type_check action=maybe_recompile pc=0x000001ec9ce645f0 method=java.util.HashMap.putVal(ILjava/lang/Object;Ljava/lang/Object;ZZ)Ljava/lang/Object; @ 152 c2
Event: 0.893 Thread 0x000001ec91caa510 DEOPT PACKING pc=0x000001ec9ce645f0 sp=0x000000655e2fcbd0
Event: 0.893 Thread 0x000001ec91caa510 DEOPT UNPACKING pc=0x000001ec9c8f69a3 sp=0x000000655e2fcb50 mode 2
Event: 0.987 Thread 0x000001ecb1946220 Uncommon trap: trap_request=0xffffffde fr.pc=0x000001ec9ce6c3f4 relative=0x00000000000003b4
Event: 0.987 Thread 0x000001ecb1946220 Uncommon trap: reason=class_check action=maybe_recompile pc=0x000001ec9ce6c3f4 method=java.util.HashMap.getNode(Ljava/lang/Object;)Ljava/util/HashMap$Node; @ 63 c2
Event: 0.987 Thread 0x000001ecb1946220 DEOPT PACKING pc=0x000001ec9ce6c3f4 sp=0x00000065603fd3a0
Event: 0.987 Thread 0x000001ecb1946220 DEOPT UNPACKING pc=0x000001ec9c8f69a3 sp=0x00000065603fd318 mode 2
Event: 0.988 Thread 0x000001ecb1946220 Uncommon trap: trap_request=0xffffffde fr.pc=0x000001ec9ce6c3f4 relative=0x00000000000003b4
Event: 0.988 Thread 0x000001ecb1946220 Uncommon trap: reason=class_check action=maybe_recompile pc=0x000001ec9ce6c3f4 method=java.util.HashMap.getNode(Ljava/lang/Object;)Ljava/util/HashMap$Node; @ 63 c2
Event: 0.988 Thread 0x000001ecb1946220 DEOPT PACKING pc=0x000001ec9ce6c3f4 sp=0x00000065603fd3a0
Event: 0.988 Thread 0x000001ecb1946220 DEOPT UNPACKING pc=0x000001ec9c8f69a3 sp=0x00000065603fd318 mode 2
Event: 0.988 Thread 0x000001ecb1946220 Uncommon trap: trap_request=0xffffffde fr.pc=0x000001ec9ce6c3f4 relative=0x00000000000003b4
Event: 0.988 Thread 0x000001ecb1946220 Uncommon trap: reason=class_check action=maybe_recompile pc=0x000001ec9ce6c3f4 method=java.util.HashMap.getNode(Ljava/lang/Object;)Ljava/util/HashMap$Node; @ 63 c2
Event: 0.988 Thread 0x000001ecb1946220 DEOPT PACKING pc=0x000001ec9ce6c3f4 sp=0x00000065603fd3a0
Event: 0.988 Thread 0x000001ecb1946220 DEOPT UNPACKING pc=0x000001ec9c8f69a3 sp=0x00000065603fd318 mode 2
Event: 0.988 Thread 0x000001ecb1946220 Uncommon trap: trap_request=0xffffffde fr.pc=0x000001ec9ce6c3f4 relative=0x00000000000003b4
Event: 0.988 Thread 0x000001ecb1946220 Uncommon trap: reason=class_check action=maybe_recompile pc=0x000001ec9ce6c3f4 method=java.util.HashMap.getNode(Ljava/lang/Object;)Ljava/util/HashMap$Node; @ 63 c2
Event: 0.988 Thread 0x000001ecb1946220 DEOPT PACKING pc=0x000001ec9ce6c3f4 sp=0x00000065603fd3a0
Event: 0.988 Thread 0x000001ecb1946220 DEOPT UNPACKING pc=0x000001ec9c8f69a3 sp=0x00000065603fd318 mode 2

Classes unloaded (0 events):
No events

Classes redefined (0 events):
No events

Internal exceptions (15 events):
Event: 0.205 Thread 0x000001ec91caa510 Exception <a 'java/lang/NoSuchMethodError'{0x000000071951cd80}: 'void java.lang.invoke.DirectMethodHandle$Holder.invokeVirtual(java.lang.Object, java.lang.Object)'> (0x000000071951cd80) 
thrown [s\src\hotspot\share\interpreter\linkResolver.cpp, line 759]
Event: 0.292 Thread 0x000001ec91caa510 Exception <a 'sun/nio/fs/WindowsException'{0x000000071926be18}> (0x000000071926be18) 
thrown [s\src\hotspot\share\prims\jni.cpp, line 516]
Event: 0.300 Thread 0x000001ec91caa510 Exception <a 'java/lang/ClassNotFoundException'{0x0000000719272300}: sun/awt/resources/spi/awtProvider> (0x0000000719272300) 
thrown [s\src\hotspot\share\classfile\systemDictionary.cpp, line 256]
Event: 0.329 Thread 0x000001ec91caa510 Exception <a 'java/io/FileNotFoundException'{0x00000007192c6410}> (0x00000007192c6410) 
thrown [s\src\hotspot\share\prims\jni.cpp, line 516]
Event: 0.337 Thread 0x000001ec91caa510 Exception <a 'java/io/FileNotFoundException'{0x00000007192f35d0}> (0x00000007192f35d0) 
thrown [s\src\hotspot\share\prims\jni.cpp, line 516]
Event: 0.393 Thread 0x000001ec91caa510 Exception <a 'java/lang/NoSuchMethodError'{0x000000071933f880}: 'java.lang.Object java.lang.invoke.DirectMethodHandle$Holder.invokeStaticInit(java.lang.Object)'> (0x000000071933f880) 
thrown [s\src\hotspot\share\interpreter\linkResolver.cpp, line 759]
Event: 0.438 Thread 0x000001ec91caa510 Exception <a 'java/lang/NoSuchMethodError'{0x00000007193db0d0}: 'void java.lang.invoke.DirectMethodHandle$Holder.invokeSpecial(java.lang.Object, java.lang.Object, java.lang.Object)'> (0x00000007193db0d0) 
thrown [s\src\hotspot\share\interpreter\linkResolver.cpp, line 759]
Event: 0.454 Thread 0x000001ec91caa510 Exception <a 'java/lang/NoSuchMethodError'{0x0000000719005470}: 'java.lang.Object java.lang.invoke.DirectMethodHandle$Holder.newInvokeSpecial(java.lang.Object, java.lang.Object, java.lang.Object, java.lang.Object, java.lang.Object)'> (0x0000000719005470) 
thrown [s\src\hotspot\share\interpreter\linkResolver.cpp, line 759]
Event: 0.458 Thread 0x000001ec91caa510 Exception <a 'java/lang/NoSuchMethodError'{0x0000000719010f28}: 'java.lang.Object java.lang.invoke.DirectMethodHandle$Holder.invokeStatic(java.lang.Object, int, java.lang.Object, java.lang.Object, java.lang.Object, java.lang.Object)'> (0x0000000719010f28) 
thrown [s\src\hotspot\share\interpreter\linkResolver.cpp, line 759]
Event: 0.466 Thread 0x000001ec91caa510 Exception <a 'java/lang/NoSuchMethodError'{0x00000007190366e8}: 'java.lang.Object java.lang.invoke.DirectMethodHandle$Holder.invokeStatic(java.lang.Object, int, java.lang.Object)'> (0x00000007190366e8) 
thrown [s\src\hotspot\share\interpreter\linkResolver.cpp, line 759]
Event: 0.515 Thread 0x000001ec91caa510 Exception <a 'java/lang/ClassNotFoundException'{0x00000007190f1028}: com/sun/swing/internal/plaf/metal/resources/spi/metalProvider> (0x00000007190f1028) 
thrown [s\src\hotspot\share\classfile\systemDictionary.cpp, line 256]
Event: 0.517 Thread 0x000001ec91caa510 Exception <a 'java/lang/ClassNotFoundException'{0x00000007190f4c38}: com/sun/swing/internal/plaf/basic/resources/spi/basicProvider> (0x00000007190f4c38) 
thrown [s\src\hotspot\share\classfile\systemDictionary.cpp, line 256]
Event: 0.662 Thread 0x000001ecb191c530 Exception <a 'java/lang/NoSuchMethodError'{0x00000007191d2798}: 'java.lang.Object java.lang.invoke.DirectMethodHandle$Holder.newInvokeSpecial(java.lang.Object, java.lang.Object, java.lang.Object, int, int, int, int, int)'> (0x00000007191d2798) 
thrown [s\src\hotspot\share\interpreter\linkResolver.cpp, line 759]
Event: 0.863 Thread 0x000001ec91caa510 Exception <a 'java/lang/NoSuchMethodError'{0x000000071919ae30}: 'void java.lang.invoke.DirectMethodHandle$Holder.invokeStaticInit(java.lang.Object)'> (0x000000071919ae30) 
thrown [s\src\hotspot\share\interpreter\linkResolver.cpp, line 759]
Event: 0.905 Thread 0x000001ec91caa510 Exception <a 'sun/nio/fs/WindowsException'{0x0000000718b877c8}> (0x0000000718b877c8) 
thrown [s\src\hotspot\share\prims\jni.cpp, line 516]

VM Operations (10 events):
Event: 0.234 Executing VM operation: HandshakeAllThreads
Event: 0.234 Executing VM operation: HandshakeAllThreads done
Event: 0.631 Executing VM operation: HandshakeAllThreads
Event: 0.631 Executing VM operation: HandshakeAllThreads done
Event: 0.893 Executing VM operation: HandshakeAllThreads
Event: 0.893 Executing VM operation: HandshakeAllThreads done
Event: 1.053 Executing VM operation: HandshakeAllThreads
Event: 1.053 Executing VM operation: HandshakeAllThreads done
Event: 1.053 Executing VM operation: Cleanup
Event: 1.053 Executing VM operation: Cleanup done

Events (20 events):
Event: 1.059 loading class java/awt/Toolkit$SelectiveAWTEventListener done
Event: 1.059 loading class java/awt/Toolkit$ToolkitEventMulticaster
Event: 1.059 loading class java/awt/Toolkit$ToolkitEventMulticaster done
Event: 1.059 loading class java/awt/im/InputContext
Event: 1.059 loading class java/awt/im/InputContext done
Event: 1.059 loading class sun/awt/im/InputMethodContext
Event: 1.059 loading class java/awt/im/spi/InputMethodContext
Event: 1.059 loading class java/awt/im/InputMethodRequests
Event: 1.059 loading class java/awt/im/InputMethodRequests done
Event: 1.059 loading class java/awt/im/spi/InputMethodContext done
Event: 1.059 loading class sun/awt/im/InputContext
Event: 1.060 loading class sun/awt/im/InputContext done
Event: 1.060 loading class sun/awt/im/InputMethodContext done
Event: 1.060 loading class sun/awt/windows/WInputMethod
Event: 1.060 loading class sun/awt/im/InputMethodAdapter
Event: 1.060 loading class java/awt/im/spi/InputMethod
Event: 1.060 loading class java/awt/im/spi/InputMethod done
Event: 1.060 loading class sun/awt/im/InputMethodAdapter done
Event: 1.060 loading class sun/awt/windows/WInputMethod done
Event: 1.060 loading class sun/util/locale/LanguageTag


Dynamic libraries:
0x00007ff68cd00000 - 0x00007ff68cd0e000 	C:\Users\LENOVO\.p2\pool\plugins\org.eclipse.justj.openjdk.hotspot.jre.full.win32.x86_64_17.0.6.v20230204-1729\jre\bin\javaw.exe
0x00007ff959030000 - 0x00007ff959228000 	C:\WINDOWS\SYSTEM32\ntdll.dll
0x00007ff958f30000 - 0x00007ff958fef000 	C:\WINDOWS\System32\KERNEL32.DLL
0x00007ff956ac0000 - 0x00007ff956d9a000 	C:\WINDOWS\System32\KERNELBASE.dll
0x00007ff956740000 - 0x00007ff956840000 	C:\WINDOWS\System32\ucrtbase.dll
0x00007ff950df0000 - 0x00007ff950e09000 	C:\Users\LENOVO\.p2\pool\plugins\org.eclipse.justj.openjdk.hotspot.jre.full.win32.x86_64_17.0.6.v20230204-1729\jre\bin\VCRUNTIME140.dll
0x00007ff9525e0000 - 0x00007ff9525f7000 	C:\Users\LENOVO\.p2\pool\plugins\org.eclipse.justj.openjdk.hotspot.jre.full.win32.x86_64_17.0.6.v20230204-1729\jre\bin\jli.dll
0x00007ff958730000 - 0x00007ff9588cd000 	C:\WINDOWS\System32\USER32.dll
0x00007ff943130000 - 0x00007ff9433ca000 	C:\WINDOWS\WinSxS\amd64_microsoft.windows.common-controls_6595b64144ccf1df_6.0.19041.1110_none_60b5254171f9507e\COMCTL32.dll
0x00007ff957060000 - 0x00007ff957082000 	C:\WINDOWS\System32\win32u.dll
0x00007ff957340000 - 0x00007ff95736b000 	C:\WINDOWS\System32\GDI32.dll
0x00007ff957f70000 - 0x00007ff95800e000 	C:\WINDOWS\System32\msvcrt.dll
0x00007ff956870000 - 0x00007ff956980000 	C:\WINDOWS\System32\gdi32full.dll
0x00007ff956da0000 - 0x00007ff956e3d000 	C:\WINDOWS\System32\msvcp_win.dll
0x00007ff958070000 - 0x00007ff9580a0000 	C:\WINDOWS\System32\IMM32.DLL
0x00007ff9525b0000 - 0x00007ff9525bc000 	C:\Users\LENOVO\.p2\pool\plugins\org.eclipse.justj.openjdk.hotspot.jre.full.win32.x86_64_17.0.6.v20230204-1729\jre\bin\vcruntime140_1.dll
0x00007ff9352e0000 - 0x00007ff935371000 	C:\Users\LENOVO\.p2\pool\plugins\org.eclipse.justj.openjdk.hotspot.jre.full.win32.x86_64_17.0.6.v20230204-1729\jre\bin\msvcp140.dll
0x00007ff91c760000 - 0x00007ff91d3a7000 	C:\Users\LENOVO\.p2\pool\plugins\org.eclipse.justj.openjdk.hotspot.jre.full.win32.x86_64_17.0.6.v20230204-1729\jre\bin\server\jvm.dll
0x00007ff957ec0000 - 0x00007ff957f6e000 	C:\WINDOWS\System32\ADVAPI32.dll
0x00007ff958a20000 - 0x00007ff958abc000 	C:\WINDOWS\System32\sechost.dll
0x00007ff957c70000 - 0x00007ff957d96000 	C:\WINDOWS\System32\RPCRT4.dll
0x00007ff93bc70000 - 0x00007ff93bc79000 	C:\WINDOWS\SYSTEM32\WSOCK32.dll
0x00007ff94bdb0000 - 0x00007ff94bdd7000 	C:\WINDOWS\SYSTEM32\WINMM.dll
0x00007ff957370000 - 0x00007ff9573db000 	C:\WINDOWS\System32\WS2_32.dll
0x00007ff94e390000 - 0x00007ff94e39a000 	C:\WINDOWS\SYSTEM32\VERSION.dll
0x00007ff954600000 - 0x00007ff954612000 	C:\WINDOWS\SYSTEM32\kernel.appcore.dll
0x00007ff93bbf0000 - 0x00007ff93bbfa000 	C:\Users\LENOVO\.p2\pool\plugins\org.eclipse.justj.openjdk.hotspot.jre.full.win32.x86_64_17.0.6.v20230204-1729\jre\bin\jimage.dll
0x00007ff94c800000 - 0x00007ff94c9e4000 	C:\WINDOWS\SYSTEM32\DBGHELP.DLL
0x00007ff93e550000 - 0x00007ff93e584000 	C:\WINDOWS\SYSTEM32\dbgcore.DLL
0x00007ff956a30000 - 0x00007ff956ab2000 	C:\WINDOWS\System32\bcryptPrimitives.dll
0x00007ff9288a0000 - 0x00007ff9288c5000 	C:\Users\LENOVO\.p2\pool\plugins\org.eclipse.justj.openjdk.hotspot.jre.full.win32.x86_64_17.0.6.v20230204-1729\jre\bin\java.dll
0x00007ff91c740000 - 0x00007ff91c758000 	C:\Users\LENOVO\.p2\pool\plugins\org.eclipse.justj.openjdk.hotspot.jre.full.win32.x86_64_17.0.6.v20230204-1729\jre\bin\zip.dll
0x00007ff957520000 - 0x00007ff957c64000 	C:\WINDOWS\System32\SHELL32.dll
0x00007ff954800000 - 0x00007ff954f93000 	C:\WINDOWS\SYSTEM32\windows.storage.dll
0x00007ff9580b0000 - 0x00007ff958404000 	C:\WINDOWS\System32\combase.dll
0x00007ff9561a0000 - 0x00007ff9561ce000 	C:\WINDOWS\SYSTEM32\Wldp.dll
0x00007ff9573e0000 - 0x00007ff95748d000 	C:\WINDOWS\System32\SHCORE.dll
0x00007ff9572e0000 - 0x00007ff957335000 	C:\WINDOWS\System32\shlwapi.dll
0x00007ff956680000 - 0x00007ff95669f000 	C:\WINDOWS\SYSTEM32\profapi.dll
0x00007ff91c720000 - 0x00007ff91c739000 	C:\Users\LENOVO\.p2\pool\plugins\org.eclipse.justj.openjdk.hotspot.jre.full.win32.x86_64_17.0.6.v20230204-1729\jre\bin\net.dll
0x00007ff94bf20000 - 0x00007ff94c02a000 	C:\WINDOWS\SYSTEM32\WINHTTP.dll
0x00007ff955f00000 - 0x00007ff955f6a000 	C:\WINDOWS\system32\mswsock.dll
0x00007ff91c700000 - 0x00007ff91c715000 	C:\Users\LENOVO\.p2\pool\plugins\org.eclipse.justj.openjdk.hotspot.jre.full.win32.x86_64_17.0.6.v20230204-1729\jre\bin\nio.dll
0x00007ff930a70000 - 0x00007ff930bfe000 	C:\Users\LENOVO\.p2\pool\plugins\org.eclipse.justj.openjdk.hotspot.jre.full.win32.x86_64_17.0.6.v20230204-1729\jre\bin\awt.dll
0x00007ff957210000 - 0x00007ff9572dd000 	C:\WINDOWS\System32\OLEAUT32.dll
0x00007ff954060000 - 0x00007ff9540f0000 	C:\WINDOWS\SYSTEM32\apphelp.dll
0x00007ff954130000 - 0x00007ff9541ce000 	C:\WINDOWS\system32\uxtheme.dll
0x00007ff957da0000 - 0x00007ff957eb4000 	C:\WINDOWS\System32\MSCTF.dll
0x00007ff9588d0000 - 0x00007ff9589fa000 	C:\WINDOWS\System32\ole32.dll
0x00007ff9543f0000 - 0x00007ff95441f000 	C:\WINDOWS\system32\DWMAPI.DLL
0x00007ff934380000 - 0x00007ff9344a5000 	C:\WINDOWS\system32\opengl32.dll
0x00007ff94e7e0000 - 0x00007ff94e80c000 	C:\WINDOWS\SYSTEM32\GLU32.dll
0x00007ff94ead0000 - 0x00007ff94ec9d000 	C:\WINDOWS\system32\d3d9.dll
0x00007ff94ba00000 - 0x00007ff94bbdb000 	C:\WINDOWS\System32\DriverStore\FileRepository\u0361612.inf_amd64_b679e02f70413f9f\B361368\aticfx64.dll
0x00007ff94ab80000 - 0x00007ff94abb3000 	C:\WINDOWS\System32\DriverStore\FileRepository\u0361612.inf_amd64_b679e02f70413f9f\B361368\atiu9p64.dll
0x00007ff8f7700000 - 0x00007ff8f8396000 	C:\WINDOWS\System32\DriverStore\FileRepository\u0361612.inf_amd64_b679e02f70413f9f\B361368\atiumd64.dll
0x00000000662b0000 - 0x000000006712e000 	C:\WINDOWS\System32\DriverStore\FileRepository\u0361612.inf_amd64_b679e02f70413f9f\B361368\atiumd6a.dll
0x00007ff956840000 - 0x00007ff956867000 	C:\WINDOWS\System32\bcrypt.dll
0x00007ff955d10000 - 0x00007ff955d5b000 	C:\WINDOWS\SYSTEM32\POWRPROF.dll
0x00007ff955b80000 - 0x00007ff955b92000 	C:\WINDOWS\SYSTEM32\UMPDC.dll
0x00007ff94b6b0000 - 0x00007ff94b6df000 	C:\WINDOWS\SYSTEM32\amdihk64.dll
0x00007ff94dff0000 - 0x00007ff94e02b000 	C:\WINDOWS\SYSTEM32\dxcore.dll
0x00007ff957010000 - 0x00007ff95705e000 	C:\WINDOWS\System32\cfgmgr32.dll
0x00007ff935ad0000 - 0x00007ff935b56000 	C:\Users\LENOVO\.p2\pool\plugins\org.eclipse.justj.openjdk.hotspot.jre.full.win32.x86_64_17.0.6.v20230204-1729\jre\bin\freetype.dll
0x00007ff92dac0000 - 0x00007ff92db85000 	C:\Users\LENOVO\.p2\pool\plugins\org.eclipse.justj.openjdk.hotspot.jre.full.win32.x86_64_17.0.6.v20230204-1729\jre\bin\fontmanager.dll
0x00007ff94b320000 - 0x00007ff94b419000 	C:\WINDOWS\SYSTEM32\textinputframework.dll
0x00007ff953ab0000 - 0x00007ff953e0e000 	C:\WINDOWS\System32\CoreUIComponents.dll
0x00007ff953e30000 - 0x00007ff953f22000 	C:\WINDOWS\System32\CoreMessaging.dll
0x00007ff9558f0000 - 0x00007ff955923000 	C:\WINDOWS\SYSTEM32\ntmarta.dll
0x00007ff952710000 - 0x00007ff952864000 	C:\WINDOWS\SYSTEM32\wintypes.dll

dbghelp: loaded successfully - version: 4.0.5 - missing functions: none
symbol engine: initialized successfully - sym options: 0x614 - pdb path: .;C:\Users\LENOVO\.p2\pool\plugins\org.eclipse.justj.openjdk.hotspot.jre.full.win32.x86_64_17.0.6.v20230204-1729\jre\bin;C:\WINDOWS\SYSTEM32;C:\WINDOWS\WinSxS\amd64_microsoft.windows.common-controls_6595b64144ccf1df_6.0.19041.1110_none_60b5254171f9507e;C:\Users\LENOVO\.p2\pool\plugins\org.eclipse.justj.openjdk.hotspot.jre.full.win32.x86_64_17.0.6.v20230204-1729\jre\bin\server;C:\WINDOWS\System32\DriverStore\FileRepository\u0361612.inf_amd64_b679e02f70413f9f\B361368

VM Arguments:
jvm_args: -Dfile.encoding=UTF-8 --module-path=D:\SBME 2026\Second term\OOP\ChessGame\CodingSpace-ChessGame\src -XX:+ShowCodeDetailsInExceptionMessages -Djdk.module.main=ChessGame 
java_command: ChessGame/chessGUI.Main
java_class_path (initial): <not set>
Launcher Type: SUN_STANDARD

[Global flags]
     intx CICompilerCount                          = 4                                         {product} {ergonomic}
     uint ConcGCThreads                            = 3                                         {product} {ergonomic}
     uint G1ConcRefinementThreads                  = 10                                        {product} {ergonomic}
   size_t G1HeapRegionSize                         = 2097152                                   {product} {ergonomic}
    uintx GCDrainStackTargetSize                   = 64                                        {product} {ergonomic}
   size_t InitialHeapSize                          = 257949696                                 {product} {ergonomic}
   size_t MarkStackSize                            = 4194304                                   {product} {ergonomic}
   size_t MaxHeapSize                              = 4127195136                                {product} {ergonomic}
   size_t MaxNewSize                               = 2474639360                                {product} {ergonomic}
   size_t MinHeapDeltaBytes                        = 2097152                                   {product} {ergonomic}
   size_t MinHeapSize                              = 8388608                                   {product} {ergonomic}
    uintx NonNMethodCodeHeapSize                   = 5839372                                {pd product} {ergonomic}
    uintx NonProfiledCodeHeapSize                  = 122909434                              {pd product} {ergonomic}
    uintx ProfiledCodeHeapSize                     = 122909434                              {pd product} {ergonomic}
    uintx ReservedCodeCacheSize                    = 251658240                              {pd product} {ergonomic}
     bool SegmentedCodeCache                       = true                                      {product} {ergonomic}
     bool ShowCodeDetailsInExceptionMessages       = true                                   {manageable} {command line}
   size_t SoftMaxHeapSize                          = 4127195136                             {manageable} {ergonomic}
     bool UseCompressedClassPointers               = true                           {product lp64_product} {ergonomic}
     bool UseCompressedOops                        = true                           {product lp64_product} {ergonomic}
     bool UseG1GC                                  = true                                      {product} {ergonomic}
     bool UseLargePagesIndividualAllocation        = false                                  {pd product} {ergonomic}

Logging:
Log output configuration:
 #0: stdout all=warning uptime,level,tags
 #1: stderr all=off uptime,level,tags

Environment Variables:
PATH=C:/Users/LENOVO/.p2/pool/plugins/org.eclipse.justj.openjdk.hotspot.jre.full.win32.x86_64_17.0.6.v20230204-1729/jre/bin/server;C:/Users/LENOVO/.p2/pool/plugins/org.eclipse.justj.openjdk.hotspot.jre.full.win32.x86_64_17.0.6.v20230204-1729/jre/bin;C:\Program Files (x86)\Common Files\Oracle\Java\javapath;C:\Windows\system32;C:\Windows;C:\Windows\System32\Wbem;C:\Windows\System32\WindowsPowerShell\v1.0\;C:\Windows\System32\OpenSSH\;C:\Program Files\NVIDIA Corporation\NVIDIA NvDLISR;C:\WINDOWS\system32;C:\WINDOWS;C:\WINDOWS\System32\Wbem;C:\WINDOWS\System32\WindowsPowerShell\v1.0\;C:\WINDOWS\System32\OpenSSH\;C:\Program Files (x86)\NVIDIA Corporation\PhysX\Common;C:\Program Files\MATLAB\MATLAB Runtime\v912\runtime\win64;C:\Program Files\Git\cmd;C:\Users\LENOVO\AppData\Local\Microsoft\WindowsApps;C:\Users\LENOVO\AppData\Local\atom\bin;C:\Users\LENOVO\OneDrive\Desktop;
USERNAME=LENOVO
OS=Windows_NT
PROCESSOR_IDENTIFIER=AMD64 Family 23 Model 96 Stepping 1, AuthenticAMD
TMP=C:\Users\LENOVO\AppData\Local\Temp
TEMP=C:\Users\LENOVO\AppData\Local\Temp



---------------  S Y S T E M  ---------------

OS:
 Windows 10 , 64 bit Build 19041 (10.0.19041.2788)
OS uptime: 6 days 6:06 hours

CPU: total 12 (initial active 12) (12 cores per cpu, 2 threads per core) family 23 model 96 stepping 1 microcode 0x0, cx8, cmov, fxsr, ht, mmx, 3dnowpref, sse, sse2, sse3, ssse3, sse4a, sse4.1, sse4.2, popcnt, lzcnt, tsc, tscinvbit, avx, avx2, aes, clmul, bmi1, bmi2, adx, sha, fma, vzeroupper, clflush, clflushopt

Memory: 4k page, system-wide physical 15741M (3748M free)
TotalPageFile size 64893M (AvailPageFile size 1M)
current process WorkingSet (physical memory assigned to process): 111M, peak: 111M
current process commit charge ("private bytes"): 390M, peak: 397M

vm_info: OpenJDK 64-Bit Server VM (17.0.6+10) for windows-amd64 JRE (17.0.6+10), built on Jan 18 2023 10:08:59 by "temurin" with MS VC++ 16.7 (VS2019)

END.
